Seconds: 7672
               X        XXXXXXXXXXXXXXXXXXXXXXXXXXXXXXXXX                      X                       
                        X                               X                                              
                        X                               X                                              
                        X                               X                                              
                        X                               X                                X             
                        X                       X       X   X                        X                 
                        X                      XX       X                                              
                        X                  X  XXX       X                                              
                        X                 XX XXXX       X                                              
                        X             X  XXXXXXXX       X         X              X                     
       X                X            XX XXXXXXXXX       X            X                                X
 X             X    X   X        X  XXXXXXXXXXXXX       X                                              
                 X      X       XX XXXXXXXXXXXXXX       X                                              
                        X      XXXXXXXXXXXXXXXXXX       X        X   X                                 
                        X     XXXXXXXXXXXXXXXXXXXXXX    X                                             X
                        X    XXXXXXXXXXXXXXXXXXXXXXX    X                                              
                    X   X     XXXXXXXXXXXXXXXXXXXXXX    X                                              
                        X      XXXXXXXXXXXXXXXXXX       X X                                            
                        X       XX XXXXXXXXXXXXXX       X X                                            
                        X        X  XXXXXXXXXXXXX       X                                              
           X  X         X            XX XXXXXXXXX       X                                              
                        X             X  XXXXXXXX       X                X                             
           X            X                 XX XXXX       X     X                  X                     
                        X                  X  XXX       X          X                                   
                        X                      XX       X                                              
 X                      X                       X       X                                              
                        X                               X                                              
                        X                               X      X                                       
                        X                               X                                              
                        X                               X                                              
                        XXXXXXXXXXXXXXXXXXXXXXXXXXXXXXXXX                                         X    
                                                                                  X                    
X           X                      X      X           X       X                                        
                                                                                                       
    X                          X             X              X            X                             
                                                                         X                             
                              X        X                                              X  X             
                                X                                                                      
                                              X        X                                               
                   X                          X                          X                             
               X                                               X                                       
                                                            X                                          
                                                                                                       
                                                                                                       
           X                                X                             X                            
                                         X         X              X                                    
                                       X                                                               
 X      X                                                                                              
                                                                    X                                  
   X X                                                                                                 
                   X                                                                          X        
                                   X                                                                X  
                                                                                    X                  
            X                       X                                                                  
                                                                                                       
          X                         X             X                                                    
                                                                                                       
                  X                                                                                    
X                                                         X                                            
                                                                                                       
                                       X        X                                                      
                   X                                                                                   
                                                              X      X       X                         
Possible seconds: [7671]
Seconds: 7672
               X        XXXXXXXXXXXXXXXXXXXXXXXXXXXXXXXXX                      X                       
                        X                               X                                              
                        X                               X                                              
                        X                               X                                              
                        X                               X                                X             
                        X                       X       X   X                        X                 
                        X                      XX       X                                              
                        X                  X  XXX       X                                              
                        X                 XX XXXX       X                                              
                        X             X  XXXXXXXX       X         X              X                     
       X                X            XX XXXXXXXXX       X            X                                X
 X             X    X   X        X  XXXXXXXXXXXXX       X                                              
                 X      X       XX XXXXXXXXXXXXXX       X                                              
                        X      XXXXXXXXXXXXXXXXXX       X        X   X                                 
                        X     XXXXXXXXXXXXXXXXXXXXXX    X                                             X
                        X    XXXXXXXXXXXXXXXXXXXXXXX    X                                              
                    X   X     XXXXXXXXXXXXXXXXXXXXXX    X                                              
                        X      XXXXXXXXXXXXXXXXXX       X X                                            
                        X       XX XXXXXXXXXXXXXX       X X                                            
                        X        X  XXXXXXXXXXXXX       X                                              
           X  X         X            XX XXXXXXXXX       X                                              
                        X             X  XXXXXXXX       X                X                             
           X            X                 XX XXXX       X     X                  X                     
                        X                  X  XXX       X          X                                   
                        X                      XX       X                                              
 X                      X                       X       X                                              
                        X                               X                                              
                        X                               X      X                                       
                        X                               X                                              
                        X                               X                                              
                        XXXXXXXXXXXXXXXXXXXXXXXXXXXXXXXXX                                         X    
                                                                                  X                    
X           X                      X      X           X       X                                        
                                                                                                       
    X                          X             X              X            X                             
                                                                         X                             
                              X        X                                              X  X             
                                X                                                                      
                                              X        X                                               
                   X                          X                          X                             
               X                                               X                                       
                                                            X                                          
                                                                                                       
                                                                                                       
           X                                X                             X                            
                                         X         X              X                                    
                                       X                                                               
 X      X                                                                                              
                                                                    X                                  
   X X                                                                                                 
                   X                                                                          X        
                                   X                                                                X  
                                                                                    X                  
            X                       X                                                                  
                                                                                                       
          X                         X             X                                                    
                                                                                                       
                  X                                                                                    
X                                                         X                                            
                                                                                                       
                                       X        X                                                      
                   X                                                                                   
                                                              X      X       X                         
Possible seconds: [7671]
